<?xml version="1.0" encoding="UTF-8"?>
<!-- Generated by org.testng.reporters.JUnitReportReporter -->
<testsuite skipped="0" hostname="P16002396" name="curso.bdd.cucumber.runner.LoginRunner" tests="1" failures="0" timestamp="2021-06-22T20:29:24 CDT" time="14.537" errors="0">
  <testcase name="runScenario" time="14.537" classname="curso.bdd.cucumber.runner.LoginRunner"/>
</testsuite> <!-- curso.bdd.cucumber.runner.LoginRunner -->
